d:\edu\assignment\prog_calc\x64\debug\vc140.pdb
d:\edu\assignment\prog_calc\x64\debug\moc_prog_calc.obj
d:\edu\assignment\prog_calc\x64\debug\qrc_prog_calc.obj
d:\edu\assignment\prog_calc\x64\debug\main.obj
d:\edu\assignment\prog_calc\x64\debug\prog_calc.obj
d:\edu\assignment\prog_calc\x64\debug\prog_calc.ilk
d:\edu\assignment\prog_calc\x64\debug\prog_calc.exe
d:\edu\assignment\prog_calc\x64\debug\prog_calc.pdb
d:\edu\assignment\prog_calc\x64\debug\moc\moc_prog_calc.cpp
d:\edu\assignment\prog_calc\x64\debug\uic\ui_prog_calc.h
d:\edu\assignment\prog_calc\x64\debug\rcc\qrc_prog_calc.cpp
d:\edu\assignment\prog_calc\x64\debug\prog_calc.tlog\cl.command.1.tlog
d:\edu\assignment\prog_calc\x64\debug\prog_calc.tlog\cl.read.1.tlog
d:\edu\assignment\prog_calc\x64\debug\prog_calc.tlog\cl.write.1.tlog
d:\edu\assignment\prog_calc\x64\debug\prog_calc.tlog\link.command.1.tlog
d:\edu\assignment\prog_calc\x64\debug\prog_calc.tlog\link.read.1.tlog
d:\edu\assignment\prog_calc\x64\debug\prog_calc.tlog\link.write.1.tlog
d:\edu\assignment\prog_calc\x64\debug\prog_calc.tlog\moc.read.1u.tlog
d:\edu\assignment\prog_calc\x64\debug\prog_calc.tlog\moc.write.1u.tlog
d:\edu\assignment\prog_calc\x64\debug\prog_calc.tlog\prog_calc.write.1u.tlog
d:\edu\assignment\prog_calc\x64\debug\prog_calc.tlog\rcc.read.1u.tlog
d:\edu\assignment\prog_calc\x64\debug\prog_calc.tlog\rcc.write.1u.tlog
d:\edu\assignment\prog_calc\x64\debug\prog_calc.tlog\uic.read.1u.tlog
d:\edu\assignment\prog_calc\x64\debug\prog_calc.tlog\uic.write.1u.tlog
